<?xml version="1.0" encoding="UTF-8"?>
<!-- Generated by org.testng.reporters.JUnitXMLReporter -->
<testsuite ignored="2" hostname="RahulPersonal" failures="0" tests="1" name="Default test" time="39.943" errors="0" timestamp="2024-05-07T17:09:59 IST">
  <testcase classname="rahulrode.TestClass" name="testAllElements" time="31.641"/>
  <testcase classname="rahulrode.TestClass" name="testStopWatch" time="0.0">
    <ignored/>
  </testcase> <!-- testStopWatch -->
  <testcase classname="rahulrode.TestClass" name="testTextBox" time="0.0">
    <ignored/>
  </testcase> <!-- testTextBox -->
</testsuite> <!-- Default test -->
